[0.000000] (-) TimerEvent: {}
[0.000101] (raspbot_description) JobQueued: {'identifier': 'raspbot_description', 'dependencies': OrderedDict()}
[0.000874] (raspbot_sim) JobQueued: {'identifier': 'raspbot_sim', 'dependencies': OrderedDict()}
[0.001267] (raspbot_description) JobStarted: {'identifier': 'raspbot_description'}
[0.002517] (raspbot_sim) JobStarted: {'identifier': 'raspbot_sim'}
[0.006338] (raspbot_description) JobProgress: {'identifier': 'raspbot_description', 'progress': 'cmake'}
[0.009600] (raspbot_description) Command: {'cmd': ['/usr/bin/cmake', '/work/ros2_ws/src/raspbot_description', '-DCMAKE_INSTALL_PREFIX=/work/ros2_ws/install/raspbot_description'], 'cwd': '/work/ros2_ws/build/raspbot_description', 'env': OrderedDict([('HOSTNAME', '013b9321dbd0'), ('SHLVL', '0'), ('LD_LIBRARY_PATH', '/opt/ros/humble/opt/rviz_ogre_vendor/lib:/opt/ros/humble/lib/aarch64-linux-gnu:/opt/ros/humble/lib'), ('HOME', '/root'), ('OLDPWD', '/'), ('ROS_PYTHON_VERSION', '3'), ('ROS_DISTRO', 'humble'), ('_', '/usr/bin/colcon'), ('ROS_VERSION', '2'), ('ROS_LOCALHOST_ONLY', '0'), ('PATH', '/opt/ros/humble/bin:/usr/local/sbin:/usr/local/bin:/usr/sbin:/usr/bin:/sbin:/bin'), ('LANG', 'C.UTF-8'), ('AMENT_PREFIX_PATH', '/opt/ros/humble'), ('DEBIAN_FRONTEND', 'noninteractive'), ('PWD', '/work/ros2_ws/build/raspbot_description'), ('LC_ALL', 'C.UTF-8'), ('PYTHONPATH', '/opt/ros/humble/lib/python3.10/site-packages:/opt/ros/humble/local/lib/python3.10/dist-packages'), ('COLCON', '1')]), 'shell': False}
[0.013559] (raspbot_sim) JobProgress: {'identifier': 'raspbot_sim', 'progress': 'cmake'}
[0.015808] (raspbot_sim) Command: {'cmd': ['/usr/bin/cmake', '/work/ros2_ws/src/raspbot_sim', '-DCMAKE_INSTALL_PREFIX=/work/ros2_ws/install/raspbot_sim'], 'cwd': '/work/ros2_ws/build/raspbot_sim', 'env': OrderedDict([('HOSTNAME', '013b9321dbd0'), ('SHLVL', '0'), ('LD_LIBRARY_PATH', '/opt/ros/humble/opt/rviz_ogre_vendor/lib:/opt/ros/humble/lib/aarch64-linux-gnu:/opt/ros/humble/lib'), ('HOME', '/root'), ('OLDPWD', '/'), ('ROS_PYTHON_VERSION', '3'), ('ROS_DISTRO', 'humble'), ('_', '/usr/bin/colcon'), ('ROS_VERSION', '2'), ('ROS_LOCALHOST_ONLY', '0'), ('PATH', '/opt/ros/humble/bin:/usr/local/sbin:/usr/local/bin:/usr/sbin:/usr/bin:/sbin:/bin'), ('LANG', 'C.UTF-8'), ('AMENT_PREFIX_PATH', '/opt/ros/humble'), ('DEBIAN_FRONTEND', 'noninteractive'), ('PWD', '/work/ros2_ws/build/raspbot_sim'), ('LC_ALL', 'C.UTF-8'), ('PYTHONPATH', '/opt/ros/humble/lib/python3.10/site-packages:/opt/ros/humble/local/lib/python3.10/dist-packages'), ('COLCON', '1')]), 'shell': False}
[0.093391] (raspbot_sim) StdoutLine: {'line': b'-- The C compiler identification is GNU 11.4.0\n'}
[0.093690] (raspbot_description) StdoutLine: {'line': b'-- The C compiler identification is GNU 11.4.0\n'}
[0.098759] (-) TimerEvent: {}
[0.152304] (raspbot_sim) StdoutLine: {'line': b'-- The CXX compiler identification is GNU 11.4.0\n'}
[0.153003] (raspbot_description) StdoutLine: {'line': b'-- The CXX compiler identification is GNU 11.4.0\n'}
[0.160560] (raspbot_description) StdoutLine: {'line': b'-- Detecting C compiler ABI info\n'}
[0.161968] (raspbot_sim) StdoutLine: {'line': b'-- Detecting C compiler ABI info\n'}
[0.199692] (-) TimerEvent: {}
[0.248595] (raspbot_description) StdoutLine: {'line': b'-- Detecting C compiler ABI info - done\n'}
[0.256370] (raspbot_description) StdoutLine: {'line': b'-- Check for working C compiler: /usr/bin/cc - skipped\n'}
[0.257581] (raspbot_description) StdoutLine: {'line': b'-- Detecting C compile features\n'}
[0.258155] (raspbot_description) StdoutLine: {'line': b'-- Detecting C compile features - done\n'}
[0.260961] (raspbot_sim) StdoutLine: {'line': b'-- Detecting C compiler ABI info - done\n'}
[0.263662] (raspbot_description) StdoutLine: {'line': b'-- Detecting CXX compiler ABI info\n'}
[0.267247] (raspbot_sim) StdoutLine: {'line': b'-- Check for working C compiler: /usr/bin/cc - skipped\n'}
[0.267959] (raspbot_sim) StdoutLine: {'line': b'-- Detecting C compile features\n'}
[0.268987] (raspbot_sim) StdoutLine: {'line': b'-- Detecting C compile features - done\n'}
[0.274359] (raspbot_sim) StdoutLine: {'line': b'-- Detecting CXX compiler ABI info\n'}
[0.300737] (-) TimerEvent: {}
[0.359599] (raspbot_description) StdoutLine: {'line': b'-- Detecting CXX compiler ABI info - done\n'}
[0.366851] (raspbot_description) StdoutLine: {'line': b'-- Check for working CXX compiler: /usr/bin/c++ - skipped\n'}
[0.368528] (raspbot_description) StdoutLine: {'line': b'-- Detecting CXX compile features\n'}
[0.369681] (raspbot_description) StdoutLine: {'line': b'-- Detecting CXX compile features - done\n'}
[0.382220] (raspbot_description) StdoutLine: {'line': b'-- Found ament_cmake: 1.3.12 (/opt/ros/humble/share/ament_cmake/cmake)\n'}
[0.386330] (raspbot_sim) StdoutLine: {'line': b'-- Detecting CXX compiler ABI info - done\n'}
[0.395506] (raspbot_sim) StdoutLine: {'line': b'-- Check for working CXX compiler: /usr/bin/c++ - skipped\n'}
[0.397321] (raspbot_sim) StdoutLine: {'line': b'-- Detecting CXX compile features\n'}
[0.398436] (raspbot_sim) StdoutLine: {'line': b'-- Detecting CXX compile features - done\n'}
[0.402182] (-) TimerEvent: {}
[0.405024] (raspbot_sim) StdoutLine: {'line': b'-- Found ament_cmake: 1.3.12 (/opt/ros/humble/share/ament_cmake/cmake)\n'}
[0.469943] (raspbot_description) StdoutLine: {'line': b'-- Found Python3: /usr/bin/python3 (found version "3.10.12") found components: Interpreter \n'}
[0.484961] (raspbot_sim) StdoutLine: {'line': b'-- Found Python3: /usr/bin/python3 (found version "3.10.12") found components: Interpreter \n'}
[0.502692] (-) TimerEvent: {}
[0.570157] (raspbot_description) StderrLine: {'line': b"Error parsing '/work/ros2_ws/src/raspbot_description/package.xml':\n"}
[0.573753] (raspbot_sim) StderrLine: {'line': b"Error parsing '/work/ros2_ws/src/raspbot_sim/package.xml':\n"}
[0.574094] (raspbot_sim) StderrLine: {'line': b'Traceback (most recent call last):\n'}
[0.574238] (raspbot_sim) StderrLine: {'line': b'  File "/opt/ros/humble/share/ament_cmake_core/cmake/core/package_xml_2_cmake.py", line 150, in <module>\n'}
[0.574781] (raspbot_description) StderrLine: {'line': b'Traceback (most recent call last):\n'}
[0.575120] (raspbot_description) StderrLine: {'line': b'  File "/opt/ros/humble/share/ament_cmake_core/cmake/core/package_xml_2_cmake.py", line 150, in <module>\n'}
[0.575692] (raspbot_description) StderrLine: {'line': b'    main()\n'}
[0.576190] (raspbot_description) StderrLine: {'line': b'  File "/opt/ros/humble/share/ament_cmake_core/cmake/core/package_xml_2_cmake.py", line 53, in main\n'}
[0.576643] (raspbot_sim) StderrLine: {'line': b'    main()\n'}
[0.577156] (raspbot_sim) StderrLine: {'line': b'  File "/opt/ros/humble/share/ament_cmake_core/cmake/core/package_xml_2_cmake.py", line 53, in main\n'}
[0.578851] (raspbot_sim) StderrLine: {'line': b'    raise e\n'}
[0.579581] (raspbot_sim) StderrLine: {'line': b'  File "/opt/ros/humble/share/ament_cmake_core/cmake/core/package_xml_2_cmake.py", line 49, in main\n'}
[0.580018] (raspbot_description) StderrLine: {'line': b'    raise e\n'}
[0.580184] (raspbot_description) StderrLine: {'line': b'  File "/opt/ros/humble/share/ament_cmake_core/cmake/core/package_xml_2_cmake.py", line 49, in main\n'}
[0.580290] (raspbot_description) StderrLine: {'line': b'    package = parse_package_string(\n'}
[0.580387] (raspbot_description) StderrLine: {'line': b'  File "/usr/lib/python3/dist-packages/catkin_pkg/package.py", line 788, in parse_package_string\n'}
[0.580635] (raspbot_sim) StderrLine: {'line': b'    package = parse_package_string(\n'}
[0.580745] (raspbot_sim) StderrLine: {'line': b'  File "/usr/lib/python3/dist-packages/catkin_pkg/package.py", line 788, in parse_package_string\n'}
[0.580872] (raspbot_description) StderrLine: {'line': b'    pkg.validate(warnings=warnings)\n'}
[0.580984] (raspbot_description) StderrLine: {'line': b'  File "/usr/lib/python3/dist-packages/catkin_pkg/package.py", line 330, in validate\n'}
[0.581081] (raspbot_sim) StderrLine: {'line': b'    pkg.validate(warnings=warnings)\n'}
[0.581172] (raspbot_sim) StderrLine: {'line': b'  File "/usr/lib/python3/dist-packages/catkin_pkg/package.py", line 330, in validate\n'}
[0.581296] (raspbot_description) StderrLine: {'line': b"    raise InvalidPackage('\\n'.join(errors), self.filename)\n"}
[0.581387] (raspbot_description) StderrLine: {'line': b"catkin_pkg.package.InvalidPackage: Error(s) in package '/work/ros2_ws/src/raspbot_description/package.xml':\n"}
[0.581479] (raspbot_description) StderrLine: {'line': b'Invalid email "implmbp228@local" for person "implmbp228"\n'}
[0.581564] (raspbot_sim) StderrLine: {'line': b"    raise InvalidPackage('\\n'.join(errors), self.filename)\n"}
[0.581652] (raspbot_sim) StderrLine: {'line': b"catkin_pkg.package.InvalidPackage: Error(s) in package '/work/ros2_ws/src/raspbot_sim/package.xml':\n"}
[0.581738] (raspbot_sim) StderrLine: {'line': b'Invalid email "implmbp228@local" for person "implmbp228"\n'}
[0.581839] (raspbot_description) StderrLine: {'line': b'CMake Error at /opt/ros/humble/share/ament_cmake_core/cmake/core/ament_package_xml.cmake:95 (message):\n'}
[0.581953] (raspbot_description) StderrLine: {'line': b'  execute_process(/usr/bin/python3\n'}
[0.582059] (raspbot_description) StderrLine: {'line': b'  /opt/ros/humble/share/ament_cmake_core/cmake/core/package_xml_2_cmake.py\n'}
[0.582151] (raspbot_description) StderrLine: {'line': b'  /work/ros2_ws/src/raspbot_description/package.xml\n'}
[0.582230] (raspbot_description) StderrLine: {'line': b'  /work/ros2_ws/build/raspbot_description/ament_cmake_core/package.cmake)\n'}
[0.582317] (raspbot_description) StderrLine: {'line': b'  returned error code 1\n'}
[0.582394] (raspbot_description) StderrLine: {'line': b'Call Stack (most recent call first):\n'}
[0.582472] (raspbot_description) StderrLine: {'line': b'  /opt/ros/humble/share/ament_cmake_core/cmake/core/ament_package_xml.cmake:49 (_ament_package_xml)\n'}
[0.582551] (raspbot_description) StderrLine: {'line': b'  /opt/ros/humble/share/ament_cmake_core/cmake/core/ament_package.cmake:63 (ament_package_xml)\n'}
[0.582629] (raspbot_description) StderrLine: {'line': b'  CMakeLists.txt:10 (ament_package)\n'}
[0.582709] (raspbot_description) StderrLine: {'line': b'\n'}
[0.582788] (raspbot_description) StderrLine: {'line': b'\n'}
[0.582906] (raspbot_description) StdoutLine: {'line': b'-- Configuring incomplete, errors occurred!\n'}
[0.583040] (raspbot_description) StdoutLine: {'line': b'See also "/work/ros2_ws/build/raspbot_description/CMakeFiles/CMakeOutput.log".\n'}
[0.583201] (raspbot_sim) StderrLine: {'line': b'CMake Error at /opt/ros/humble/share/ament_cmake_core/cmake/core/ament_package_xml.cmake:95 (message):\n'}
[0.583347] (raspbot_sim) StderrLine: {'line': b'  execute_process(/usr/bin/python3\n'}
[0.583533] (raspbot_sim) StderrLine: {'line': b'  /opt/ros/humble/share/ament_cmake_core/cmake/core/package_xml_2_cmake.py\n'}
[0.583716] (raspbot_sim) StderrLine: {'line': b'  /work/ros2_ws/src/raspbot_sim/package.xml\n'}
[0.583823] (raspbot_sim) StderrLine: {'line': b'  /work/ros2_ws/build/raspbot_sim/ament_cmake_core/package.cmake) returned\n'}
[0.583943] (raspbot_sim) StderrLine: {'line': b'  error code 1\n'}
[0.584049] (raspbot_sim) StderrLine: {'line': b'Call Stack (most recent call first):\n'}
[0.584146] (raspbot_sim) StderrLine: {'line': b'  /opt/ros/humble/share/ament_cmake_core/cmake/core/ament_package_xml.cmake:49 (_ament_package_xml)\n'}
[0.584255] (raspbot_sim) StderrLine: {'line': b'  /opt/ros/humble/share/ament_cmake_core/cmake/core/ament_package.cmake:63 (ament_package_xml)\n'}
[0.584355] (raspbot_sim) StderrLine: {'line': b'  CMakeLists.txt:10 (ament_package)\n'}
[0.584452] (raspbot_sim) StderrLine: {'line': b'\n'}
[0.584548] (raspbot_sim) StderrLine: {'line': b'\n'}
[0.584639] (raspbot_sim) StdoutLine: {'line': b'-- Configuring incomplete, errors occurred!\n'}
[0.584755] (raspbot_sim) StdoutLine: {'line': b'See also "/work/ros2_ws/build/raspbot_sim/CMakeFiles/CMakeOutput.log".\n'}
[0.584862] (raspbot_description) CommandEnded: {'returncode': 1}
[0.585052] (raspbot_description) JobEnded: {'identifier': 'raspbot_description', 'rc': 1}
[0.586629] (raspbot_sim) JobEnded: {'identifier': 'raspbot_sim', 'rc': 'SIGINT'}
[0.592703] (-) EventReactorShutdown: {}
